#
# A fatal error has been detected by the Java Runtime Environment:
#
#  EXCEPTION_ACCESS_VIOLATION (0xc0000005) at pc=0x00007ffb85473970, pid=5540, tid=4384
#
# JRE version: Java(TM) SE Runtime Environment (8.0_66-b18) (build 1.8.0_66-b18)
# Java VM: Java HotSpot(TM) 64-Bit Server VM (25.66-b18 mixed mode windows-amd64 compressed oops)
# Problematic frame:
# C  [ig7icd64.dll+0x93970]
#
# Failed to write core dump. Minidumps are not enabled by default on client versions of Windows
#
# If you would like to submit a bug report, please visit:
#   http://bugreport.java.com/bugreport/crash.jsp
# The crash happened outside the Java Virtual Machine in native code.
# See problematic frame for where to report the bug.
#

---------------  T H R E A D  ---------------

Current thread (0x0000000002e90800):  JavaThread "main" [_thread_in_native, id=4384, stack(0x0000000002d60000,0x0000000002e60000)]

siginfo: ExceptionCode=0xc0000005, reading address 0x0000000000000000

Registers:
RAX=0x0000000000000000, RBX=0x0000000018b7df80, RCX=0x0000000000000000, RDX=0x0000000000000000
RSP=0x0000000002e5c130, RBP=0x0000000002e5c260, RSI=0x000000000000000c, RDI=0x000000001a4a8000
R8 =0x0000000000000120, R9 =0x0000000000000002, R10=0x0000000000000000, R11=0x0000000002e5c8a0
R12=0x0000000002e5c8ac, R13=0x0000000000000120, R14=0x000000001ab6c150, R15=0x0000000000000000
RIP=0x00007ffb85473970, EFLAGS=0x0000000000010202

Top of Stack: (sp=0x0000000002e5c130)
0x0000000002e5c130:   cafebabecafebabe 0000000000000000
0x0000000002e5c140:   0000000000000000 0000000000000000
0x0000000002e5c150:   0000000002e5c8a8 00007ffb8555b828
0x0000000002e5c160:   0000000002e5c260 0000000002e5c8ac
0x0000000002e5c170:   0000000018b7df80 000000000000000c
0x0000000002e5c180:   0000000000000000 0000000002e5c8ac
0x0000000002e5c190:   0000000002e5c8a8 0000000002e5c8a0
0x0000000002e5c1a0:   0000000002e5cf38 0000000002e90800
0x0000000002e5c1b0:   0000000000000001 0000000018b9a280
0x0000000002e5c1c0:   0000000000000000 0000000000000000
0x0000000002e5c1d0:   0000000002e5c8a0 000000001ab67ab0
0x0000000002e5c1e0:   0000000000000000 0000000018690734
0x0000000002e5c1f0:   000000000306c1a0 00000000568eb322
0x0000000002e5c200:   0000000018690738 0000000018690750
0x0000000002e5c210:   0000000000000000 0000000000000000
0x0000000002e5c220:   0000000000000040 000000000000001c 

Instructions: (pc=0x00007ffb85473970)
0x00007ffb85473950:   c2 10 66 0f e7 47 f0 49 3b c2 72 e4 e9 ab 00 00
0x00007ffb85473960:   00 4d 85 c9 74 6c 66 66 0f 1f 84 00 00 00 00 00
0x00007ffb85473970:   66 0f 6f 3a 66 0f 6f 72 10 66 0f 6f 6a 20 41 ff
0x00007ffb85473980:   c2 48 83 ef 80 41 8b c2 66 0f 6f 62 30 66 0f 6f 


Register to memory mapping:

RAX=0x0000000000000000 is an unknown value
RBX=0x0000000018b7df80 is an unknown value
RCX=0x0000000000000000 is an unknown value
RDX=0x0000000000000000 is an unknown value
RSP=0x0000000002e5c130 is pointing into the stack for thread: 0x0000000002e90800
RBP=0x0000000002e5c260 is pointing into the stack for thread: 0x0000000002e90800
RSI=0x000000000000000c is an unknown value
RDI=0x000000001a4a8000 is an unknown value
R8 =0x0000000000000120 is an unknown value
R9 =0x0000000000000002 is an unknown value
R10=0x0000000000000000 is an unknown value
R11=0x0000000002e5c8a0 is pointing into the stack for thread: 0x0000000002e90800
R12=0x0000000002e5c8ac is pointing into the stack for thread: 0x0000000002e90800
R13=0x0000000000000120 is an unknown value
R14=0x000000001ab6c150 is an unknown value
R15=0x0000000000000000 is an unknown value


Stack: [0x0000000002d60000,0x0000000002e60000],  sp=0x0000000002e5c130,  free space=1008k
Native frames: (J=compiled Java code, j=interpreted, Vv=VM code, C=native code)
C  [ig7icd64.dll+0x93970]
C  [ig7icd64.dll+0x17b828]
C  [ig7icd64.dll+0x2159d4]
C  [ig7icd64.dll+0x6d4ee]
C  [ig7icd64.dll+0x243e25]
C  [ig7icd64.dll+0x92b95]
C  [ig7icd64.dll+0x2a4218]
C  [ig7icd64.dll+0x2a4529]
C  [ig7icd64.dll+0x2a5eda]
C  0x0000000003085e34

Java frames: (J=compiled Java code, j=interpreted, Vv=VM code)
j  org.lwjgl.opengl.GL11.nglDrawElements(IIIJJ)V+0
j  org.lwjgl.opengl.GL11.nglDrawElements(IIIJ)V+26
j  org.lwjgl.opengl.GL11.glDrawElements(IIIJ)V+17
j  com.nshirley.engine3d.graphics.VertexArray.draw()V+16
j  com.nshirley.engine3d.graphics.VertexArray.render()V+5
j  drawentity.ChunkEntity.render()V+50
j  drawtest.VertexBuilderTest.main([Ljava/lang/String;)V+145
v  ~StubRoutines::call_stub

---------------  P R O C E S S  ---------------

Java Threads: ( => current thread )
  0x000000001bc07800 JavaThread "Java2D Disposer" daemon [_thread_blocked, id=11152, stack(0x000000001c850000,0x000000001c950000)]
  0x0000000017992800 JavaThread "Service Thread" daemon [_thread_blocked, id=12660, stack(0x00000000182c0000,0x00000000183c0000)]
  0x0000000017907000 JavaThread "C1 CompilerThread3" daemon [_thread_blocked, id=2564, stack(0x00000000181c0000,0x00000000182c0000)]
  0x00000000178f2000 JavaThread "C2 CompilerThread2" daemon [_thread_blocked, id=9280, stack(0x00000000180c0000,0x00000000181c0000)]
  0x00000000178ec800 JavaThread "C2 CompilerThread1" daemon [_thread_blocked, id=12164, stack(0x0000000017fc0000,0x00000000180c0000)]
  0x00000000178e9800 JavaThread "C2 CompilerThread0" daemon [_thread_blocked, id=8060, stack(0x0000000017ec0000,0x0000000017fc0000)]
  0x00000000178e7800 JavaThread "Attach Listener" daemon [_thread_blocked, id=4588, stack(0x0000000017dc0000,0x0000000017ec0000)]
  0x00000000178e6800 JavaThread "Signal Dispatcher" daemon [_thread_blocked, id=10496, stack(0x0000000017cc0000,0x0000000017dc0000)]
  0x0000000002f8b800 JavaThread "Finalizer" daemon [_thread_blocked, id=2848, stack(0x00000000176d0000,0x00000000177d0000)]
  0x0000000002f85000 JavaThread "Reference Handler" daemon [_thread_blocked, id=12616, stack(0x00000000175d0000,0x00000000176d0000)]
=>0x0000000002e90800 JavaThread "main" [_thread_in_native, id=4384, stack(0x0000000002d60000,0x0000000002e60000)]

Other Threads:
  0x00000000157d9000 VMThread [stack: 0x00000000174d0000,0x00000000175d0000] [id=8872]
  0x00000000179a4800 WatcherThread [stack: 0x00000000183c0000,0x00000000184c0000] [id=3100]

VM state:not at safepoint (normal execution)

VM Mutex/Monitor currently owned by a thread: None

Heap:
 PSYoungGen      total 17408K, used 12870K [0x00000000ecc00000, 0x00000000edf00000, 0x0000000100000000)
  eden space 15360K, 83% used [0x00000000ecc00000,0x00000000ed891a20,0x00000000edb00000)
  from space 2048K, 0% used [0x00000000edd00000,0x00000000edd00000,0x00000000edf00000)
  to   space 2048K, 0% used [0x00000000edb00000,0x00000000edb00000,0x00000000edd00000)
 ParOldGen       total 39936K, used 0K [0x00000000c6400000, 0x00000000c8b00000, 0x00000000ecc00000)
  object space 39936K, 0% used [0x00000000c6400000,0x00000000c6400000,0x00000000c8b00000)
 Metaspace       used 9485K, capacity 9602K, committed 9984K, reserved 1058816K
  class space    used 852K, capacity 921K, committed 1024K, reserved 1048576K

Card table byte_map: [0x0000000012430000,0x0000000012600000] byte_map_base: 0x0000000011dfe000

Marking Bits: (ParMarkBitMap*) 0x0000000056eda5b0
 Begin Bits: [0x0000000012f40000, 0x0000000013db0000)
 End Bits:   [0x0000000013db0000, 0x0000000014c20000)

Polling page: 0x0000000001180000

CodeCache: size=245760Kb used=2339Kb max_used=2340Kb free=243420Kb
 bounds [0x0000000003070000, 0x00000000032e0000, 0x0000000012070000]
 total_blobs=1129 nmethods=523 adapters=519
 compilation: enabled

Compilation events (10 events):
Event: 1.152 Thread 0x00000000178e9800  520       4       java.awt.image.ComponentColorModel::getRGB (161 bytes)
Event: 1.157 Thread 0x00000000178ec800 nmethod 518 0x00000000032b6c90 code [0x00000000032b6e40, 0x00000000032b7318]
Event: 1.157 Thread 0x00000000178ec800  521       4       java.awt.image.ComponentColorModel::getAlpha (269 bytes)
Event: 1.162 Thread 0x00000000178f2000 nmethod 519 0x00000000032b3210 code [0x00000000032b3360, 0x00000000032b3658]
Event: 1.163 Thread 0x00000000178e9800 nmethod 520 0x00000000032b7c90 code [0x00000000032b7e80, 0x00000000032b8508]
Event: 1.163 Thread 0x00000000178ec800 nmethod 521 0x00000000032b9c90 code [0x00000000032b9e60, 0x00000000032ba2b8]
Event: 1.169 Thread 0x0000000017907000  522       3       java.util.Vector::elementData (7 bytes)
Event: 1.169 Thread 0x0000000017907000 nmethod 522 0x00000000032b68d0 code [0x00000000032b6a20, 0x00000000032b6b90]
Event: 1.179 Thread 0x0000000017907000  523       3       java.lang.ThreadLocal$ThreadLocalMap::getEntry (42 bytes)
Event: 1.180 Thread 0x0000000017907000 nmethod 523 0x00000000032b96d0 code [0x00000000032b9840, 0x00000000032b9b28]

GC Heap History (0 events):
No events

Deoptimization events (1 events):
Event: 0.912 Thread 0x0000000002e90800 Uncommon trap: reason=unstable_if action=reinterpret pc=0x00000000031b931c method=java.lang.String.indexOf([CII[CIII)I @ 3

Internal exceptions (9 events):
Event: 0.063 Thread 0x0000000002e90800 Exception <a 'java/lang/NoSuchMethodError': Method sun.misc.Unsafe.defineClass(Ljava/lang/String;[BII)Ljava/lang/Class; name or signature does not match> (0x00000000ecc0d0e0) thrown at [C:\re\workspace\8-2-build-windows-amd64-cygwin\jdk8u66\5298\hotspot\srób>°?
Event: 0.063 Thread 0x0000000002e90800 Exception <a 'java/lang/NoSuchMethodError': Method sun.misc.Unsafe.prefetchRead(Ljava/lang/Object;J)V name or signature does not match> (0x00000000ecc0d3c8) thrown at [C:\re\workspace\8-2-build-windows-amd64-cygwin\jdk8u66\5298\hotspot\src\share\vm\prims\j¾5‰XCè?
Event: 0.758 Thread 0x0000000002e90800 Exception <a 'java/security/PrivilegedActionException'> (0x00000000ed5e38a8) thrown at [C:\re\workspace\8-2-build-windows-amd64-cygwin\jdk8u66\5298\hotspot\src\share\vm\prims\jvm.cpp, line 1386]
Event: 0.758 Thread 0x0000000002e90800 Exception <a 'java/security/PrivilegedActionException'> (0x00000000ed5e3ca0) thrown at [C:\re\workspace\8-2-build-windows-amd64-cygwin\jdk8u66\5298\hotspot\src\share\vm\prims\jvm.cpp, line 1386]
Event: 0.760 Thread 0x0000000002e90800 Exception <a 'java/security/PrivilegedActionException'> (0x00000000ed5e7a30) thrown at [C:\re\workspace\8-2-build-windows-amd64-cygwin\jdk8u66\5298\hotspot\src\share\vm\prims\jvm.cpp, line 1386]
Event: 0.760 Thread 0x0000000002e90800 Exception <a 'java/security/PrivilegedActionException'> (0x00000000ed5e7e28) thrown at [C:\re\workspace\8-2-build-windows-amd64-cygwin\jdk8u66\5298\hotspot\src\share\vm\prims\jvm.cpp, line 1386]
Event: 0.766 Thread 0x0000000002e90800 Exception <a 'java/io/FileNotFoundException'> (0x00000000ed5ea000) thrown at [C:\re\workspace\8-2-build-windows-amd64-cygwin\jdk8u66\5298\hotspot\src\share\vm\prims\jni.cpp, line 709]
Event: 0.837 Thread 0x0000000002e90800 Exception <a 'java/lang/NoSuchFieldError': method resolution failed> (0x00000000ed6b7670) thrown at [C:\re\workspace\8-2-build-windows-amd64-cygwin\jdk8u66\5298\hotspot\src\share\vm\prims\methodHandles.cpp, line 1146]
Event: 0.840 Thread 0x0000000002e90800 Exception <a 'java/lang/NoSuchFieldError': method resolution failed> (0x00000000ed6c4d60) thrown at [C:\re\workspace\8-2-build-windows-amd64-cygwin\jdk8u66\5298\hotspot\src\share\vm\prims\methodHandles.cpp, line 1146]

Events (10 events):
Event: 1.176 loading class com/nshirley/engine3d/graphics/Triangle
Event: 1.176 loading class com/nshirley/engine3d/graphics/Triangle done
Event: 1.177 loading class com/nshirley/engine3d/graphics/Attribute
Event: 1.177 loading class com/nshirley/engine3d/graphics/Attribute done
Event: 1.178 loading class com/nshirley/engine3d/graphics/VertexArray
Event: 1.178 loading class com/nshirley/engine3d/graphics/VertexArray done
Event: 1.179 loading class java/nio/DirectFloatBufferU
Event: 1.180 loading class java/nio/DirectFloatBufferU done
Event: 1.181 loading class com/nshirley/engine3d/entities/StandardRenderStrategy
Event: 1.181 loading class com/nshirley/engine3d/entities/StandardRenderStrategy done


Dynamic libraries:
0x00007ff7f0560000 - 0x00007ff7f0597000 	C:\Program Files\Java\jre1.8.0_66\bin\javaw.exe
0x00007ffbc2db0000 - 0x00007ffbc2f81000 	C:\WINDOWS\SYSTEM32\ntdll.dll
0x00007ffbc0c90000 - 0x00007ffbc0d3b000 	C:\WINDOWS\System32\KERNEL32.DLL
0x00007ffbbfa30000 - 0x00007ffbbfc4d000 	C:\WINDOWS\System32\KERNELBASE.dll
0x00007ffbc2ca0000 - 0x00007ffbc2d42000 	C:\WINDOWS\System32\ADVAPI32.dll
0x00007ffbc08b0000 - 0x00007ffbc094e000 	C:\WINDOWS\System32\msvcrt.dll
0x00007ffbc2c10000 - 0x00007ffbc2c69000 	C:\WINDOWS\System32\sechost.dll
0x00007ffbc2510000 - 0x00007ffbc2631000 	C:\WINDOWS\System32\RPCRT4.dll
0x00007ffbc23a0000 - 0x00007ffbc2505000 	C:\WINDOWS\System32\USER32.dll
0x00007ffbc0180000 - 0x00007ffbc019e000 	C:\WINDOWS\System32\win32u.dll
0x00007ffbc0340000 - 0x00007ffbc0374000 	C:\WINDOWS\System32\GDI32.dll
0x00007ffbbfcc0000 - 0x00007ffbbfe42000 	C:\WINDOWS\System32\gdi32full.dll
0x00007ffbb56a0000 - 0x00007ffbb591a000 	C:\WINDOWS\WinSxS\amd64_microsoft.windows.common-controls_6595b64144ccf1df_6.0.14393.351_none_4213128bc687e6d3\COMCTL32.dll
0x00007ffbc0950000 - 0x00007ffbc0c17000 	C:\WINDOWS\System32\combase.dll
0x00007ffbc0240000 - 0x00007ffbc0335000 	C:\WINDOWS\System32\ucrtbase.dll
0x00007ffbbfc50000 - 0x00007ffbbfcba000 	C:\WINDOWS\System32\bcryptPrimitives.dll
0x00007ffbc2c70000 - 0x00007ffbc2c9e000 	C:\WINDOWS\System32\IMM32.DLL
0x00000000563f0000 - 0x00000000564c2000 	C:\Program Files\Java\jre1.8.0_66\bin\msvcr100.dll
0x00000000566d0000 - 0x0000000056f59000 	C:\Program Files\Java\jre1.8.0_66\bin\server\jvm.dll
0x00007ffbc0c20000 - 0x00007ffbc0c28000 	C:\WINDOWS\System32\PSAPI.DLL
0x00007ffbb9b90000 - 0x00007ffbb9b9a000 	C:\WINDOWS\SYSTEM32\VERSION.dll
0x00007ffbbc130000 - 0x00007ffbbc139000 	C:\WINDOWS\SYSTEM32\WSOCK32.dll
0x00007ffbbd400000 - 0x00007ffbbd423000 	C:\WINDOWS\SYSTEM32\WINMM.dll
0x00007ffbc26b0000 - 0x00007ffbc271a000 	C:\WINDOWS\System32\WS2_32.dll
0x0000000002cf0000 - 0x0000000002d1b000 	C:\WINDOWS\SYSTEM32\WINMMBASE.dll
0x00007ffbbf980000 - 0x00007ffbbf9c2000 	C:\WINDOWS\System32\cfgmgr32.dll
0x00000000565e0000 - 0x00000000565ef000 	C:\Program Files\Java\jre1.8.0_66\bin\verify.dll
0x00000000565b0000 - 0x00000000565d9000 	C:\Program Files\Java\jre1.8.0_66\bin\java.dll
0x0000000056590000 - 0x00000000565a6000 	C:\Program Files\Java\jre1.8.0_66\bin\zip.dll
0x00007ffbc0d40000 - 0x00007ffbc2249000 	C:\WINDOWS\System32\SHELL32.dll
0x00007ffbbf2a0000 - 0x00007ffbbf97a000 	C:\WINDOWS\System32\windows.storage.dll
0x00007ffbbf240000 - 0x00007ffbbf28c000 	C:\WINDOWS\System32\powrprof.dll
0x00007ffbc2d50000 - 0x00007ffbc2da2000 	C:\WINDOWS\System32\shlwapi.dll
0x00007ffbbf230000 - 0x00007ffbbf23f000 	C:\WINDOWS\System32\kernel.appcore.dll
0x00007ffbbfe50000 - 0x00007ffbbfef9000 	C:\WINDOWS\System32\shcore.dll
0x00007ffbbf210000 - 0x00007ffbbf224000 	C:\WINDOWS\System32\profapi.dll
0x00007ffbae4a0000 - 0x00007ffbae4f9000 	C:\Users\Nathan\Programming\libs\lwjgl-3.0\native\windows\x64\lwjgl.dll
0x00007ffba3bd0000 - 0x00007ffba3cf3000 	C:\WINDOWS\SYSTEM32\OPENGL32.dll
0x00007ffba3a60000 - 0x00007ffba3b57000 	C:\WINDOWS\SYSTEM32\DDRAW.dll
0x00007ffbac1e0000 - 0x00007ffbac20d000 	C:\WINDOWS\SYSTEM32\GLU32.dll
0x00007ffbac3f0000 - 0x00007ffbac3f8000 	C:\WINDOWS\SYSTEM32\DCIMAN32.dll
0x00007ffbbda00000 - 0x00007ffbbda95000 	C:\WINDOWS\system32\uxtheme.dll
0x00007ffbbcbd0000 - 0x00007ffbbcbf6000 	C:\WINDOWS\SYSTEM32\dwmapi.dll
0x00007ffbc0590000 - 0x00007ffbc06eb000 	C:\WINDOWS\System32\MSCTF.dll
0x00007ffbc2720000 - 0x00007ffbc27df000 	C:\WINDOWS\System32\OLEAUT32.dll
0x00007ffbc01a0000 - 0x00007ffbc023c000 	C:\WINDOWS\System32\msvcp_win.dll
0x00007ffb853e0000 - 0x00007ffb85c12000 	C:\WINDOWS\SYSTEM32\ig7icd64.dll
0x00007ffbbc3d0000 - 0x00007ffbbc3e3000 	C:\WINDOWS\SYSTEM32\WTSAPI32.dll
0x00007ffbb7d70000 - 0x00007ffbb81d4000 	C:\WINDOWS\SYSTEM32\igdusc64.dll
0x0000000056250000 - 0x00000000563e8000 	C:\Program Files\Java\jre1.8.0_66\bin\awt.dll
0x00007ffbbd6a0000 - 0x00007ffbbd71a000 	C:\WINDOWS\SYSTEM32\apphelp.dll
0x00007ffbbec80000 - 0x00007ffbbec97000 	C:\WINDOWS\SYSTEM32\CRYPTSP.dll
0x00007ffbbeb60000 - 0x00007ffbbeb93000 	C:\WINDOWS\system32\rsaenh.dll
0x00007ffbbf0b0000 - 0x00007ffbbf0db000 	C:\WINDOWS\SYSTEM32\bcrypt.dll
0x00007ffbbe860000 - 0x00007ffbbe87f000 	C:\WINDOWS\SYSTEM32\USERENV.dll
0x00007ffbbeca0000 - 0x00007ffbbecab000 	C:\WINDOWS\SYSTEM32\CRYPTBASE.dll
0x0000000056570000 - 0x000000005658a000 	C:\Program Files\Java\jre1.8.0_66\bin\net.dll
0x00007ffbbe9e0000 - 0x00007ffbbea3c000 	C:\WINDOWS\system32\mswsock.dll
0x00007ffbbe770000 - 0x00007ffbbe7a8000 	C:\WINDOWS\SYSTEM32\IPHLPAPI.DLL
0x00007ffbc0480000 - 0x00007ffbc0488000 	C:\WINDOWS\System32\NSI.dll
0x00007ffbb9110000 - 0x00007ffbb9126000 	C:\WINDOWS\SYSTEM32\dhcpcsvc6.DLL
0x00007ffbb9530000 - 0x00007ffbb954a000 	C:\WINDOWS\SYSTEM32\dhcpcsvc.DLL
0x0000000056550000 - 0x0000000056561000 	C:\Program Files\Java\jre1.8.0_66\bin\nio.dll
0x00007ffbb17a0000 - 0x00007ffbb1932000 	C:\WINDOWS\SYSTEM32\dbghelp.dll

VM Arguments:
jvm_args: -Djava.library.path=C:\Users\Nathan\Programming\libs\lwjgl-3.0\native\windows\x64;C:\Users\Nathan\Programming\libs\lwjgl-3.0\native\windows\x64 -Dfile.encoding=Cp1252 
java_command: drawtest.VertexBuilderTest
java_class_path (initial): C:\Users\Nathan\Programming\Personal\BlockDrawer\bin;C:\Users\Nathan\Programming\libs\lwjgl-3.0\jar\lwjgl.jar;C:\Users\Nathan\Programming\Personal\3dEngine\bin;C:\Users\Nathan\Programming\Personal\ChunkDb\bin;C:\Users\Nathan\Programming\libs\gson\gson-2.7.jar
Launcher Type: SUN_STANDARD

Environment Variables:
PATH=C:/Program Files/Java/jre1.8.0_66/bin/server;C:/Program Files/Java/jre1.8.0_66/bin;C:/Program Files/Java/jre1.8.0_66/lib/amd64;C:\ProgramData\Oracle\Java\javapath;C:\Python27\;C:\Python27\Scripts;C:\Python34\;C:\Python34\Scripts;C:\WINDOWS\system32;C:\WINDOWS;C:\WINDOWS\System32\Wbem;C:\WINDOWS\System32\WindowsPowerShell\v1.0\;C:\Program Files\nodejs\;C:\Program Files (x86)\MySQL\MySQL Fabric 1.5 & MySQL Utilities 1.5\;C:\Program Files (x86)\MySQL\MySQL Fabric 1.5 & MySQL Utilities 1.5\Doctrine extensions for PHP\;C:\Program Files\MATLAB\R2015b\bin;C:\Program Files\OpenVPN\bin;C:\WINDOWS\system32\Npcap;C:\Program Files (x86)\Java\jre1.8.0_45\bin;C:\Program Files (x86)\GtkSharp\2.12\bin;C:\Program Files\Perforce;C:\Program Files\Perforce\DVCS\;C:\Users\Nathan\Anaconda2;C:\Users\Nathan\Anaconda2\Scripts;C:\Users\Nathan\Anaconda2\Library\bin;C:\Users\Nathan\AppData\Roaming\npm;C:\Program Files (x86)\Git\bin;C:\Users\Nathan\Downloads\vlfeat-0.9.20\bin\win64;%USERPROFILE%\AppData\Local\Microsoft\WindowsApps;;C:\Users\Nathan\Programming\Eclipse\eclipse-java-luna-SR1a-win32-x86_64\eclipse;
USERNAME=Nathan
OS=Windows_NT
PROCESSOR_IDENTIFIER=Intel64 Family 6 Model 58 Stepping 9, GenuineIntel



---------------  S Y S T E M  ---------------

OS: Windows 10.0 , 64 bit Build 14393 (10.0.14393.0)

CPU:total 8 (4 cores per cpu, 2 threads per core) family 6 model 58 stepping 9, cmov, cx8, fxsr, mmx, sse, sse2, sse3, ssse3, sse4.1, sse4.2, popcnt, avx, aes, clmul, erms, ht, tsc, tscinvbit, tscinv

Memory: 4k page, physical 3777640k(1409764k free), swap 9020520k(4050332k free)

vm_info: Java HotSpot(TM) 64-Bit Server VM (25.66-b18) for windows-amd64 JRE (1.8.0_66-b18), built on Nov  9 2015 10:51:13 by "java_re" with MS VC++ 10.0 (VS2010)

time: Sun Nov 06 21:52:12 2016
elapsed time: 1 seconds (0d 0h 0m 1s)

